2024-09-21 13:57:36,144 [INFO] Activator:177 - 


2024-09-21 13:57:36,145 [INFO] Activator:178 - !SESSION log4j initialized
2024-09-21 13:57:41,664 [INFO] McuFinderGlobals:39 - Set McuFinder mode to 2 (CubeIDE integrated)
2024-09-21 13:57:42,676 [INFO] ApplicationProperties:181 - Using Application install path: C:\ST\STM32CubeIDE_1.7.0\STM32CubeIDE\plugins\com.st.stm32cube.common.mx_6.3.0.202107141111
2024-09-21 13:57:42,686 [INFO] DbMcusXml:74 - Set database path to: C:\ST\STM32CubeIDE_1.7.0\STM32CubeIDE\plugins\com.st.stm32cube.common.mx_6.3.0.202107141111\\db\/mcu/
2024-09-21 13:57:42,689 [INFO] DbBoardsPdsc:56 - Set plugin database path to: C:\ST\STM32CubeIDE_1.7.0\STM32CubeIDE\plugins\com.st.stm32cube.common.mx_6.3.0.202107141111\\db\/plugins/boardmanager/
2024-09-21 13:57:42,689 [INFO] DbMcus:258 - Set plugin images path to: C:\ST\STM32CubeIDE_1.7.0\STM32CubeIDE\plugins\com.st.stm32cube.common.mx_6.3.0.202107141111\\db\/plugins/mcufinder/images/
2024-09-21 13:57:42,689 [INFO] DbBoards:264 - Set plugin images path to: C:\ST\STM32CubeIDE_1.7.0\STM32CubeIDE\plugins\com.st.stm32cube.common.mx_6.3.0.202107141111\\db\/plugins/mcufinder/images/
2024-09-21 13:57:42,691 [INFO] DbExamples:333 - Set plugin images path to: C:\ST\STM32CubeIDE_1.7.0\STM32CubeIDE\plugins\com.st.stm32cube.common.mx_6.3.0.202107141111\\db\/plugins/mcufinder/images/
2024-09-21 13:57:42,698 [INFO] DbMcusAds:119 - Set database path to: C:\Users\PC\.stmcufinder\plugins\mcufinder//mcu/
2024-09-21 13:57:42,699 [INFO] DbMcusDocs:110 - Set database path to: C:\Users\PC\.stmcufinder\plugins\mcufinder//mcu/
2024-09-21 13:57:42,700 [INFO] DbMcusJson:64 - Set database path to: C:\Users\PC\.stmcufinder\plugins\mcufinder//mcu/
2024-09-21 13:57:42,701 [INFO] DbBoardsDocs:110 - Set database path to: C:\Users\PC\.stmcufinder\plugins\mcufinder//mcu/
2024-09-21 13:57:42,701 [INFO] DbBoardsJson:57 - Set database path to: C:\Users\PC\.stmcufinder\plugins\mcufinder//mcu/
2024-09-21 13:57:42,704 [INFO] CrossReferenceDbSqlite:196 - Set database path to: C:\Users\PC\.stmcufinder\plugins\mcufinder//mcu/cs/
2024-09-21 13:57:42,706 [INFO] DbExamplesSqlite:767 - Set database path to: C:\Users\PC\.stmcufinder\plugins\mcufinder//mcu/
2024-09-21 13:57:42,770 [INFO] RulesReader:57 - Compatibility file has been processed (242 Rules)
2024-09-21 13:57:42,828 [INFO] DbMcusXml:74 - Set database path to: C:\ST\STM32CubeIDE_1.7.0\STM32CubeIDE\plugins\com.st.stm32cube.common.mx_6.3.0.202107141111\\db\/mcu/
2024-09-21 13:57:42,828 [INFO] DbBoardsPdsc:56 - Set plugin database path to: C:\ST\STM32CubeIDE_1.7.0\STM32CubeIDE\plugins\com.st.stm32cube.common.mx_6.3.0.202107141111\\db\/plugins/boardmanager/
2024-09-21 13:57:42,828 [INFO] DbMcus:258 - Set plugin images path to: C:\ST\STM32CubeIDE_1.7.0\STM32CubeIDE\plugins\com.st.stm32cube.common.mx_6.3.0.202107141111\\db\/plugins/mcufinder/images/
2024-09-21 13:57:42,829 [INFO] DbBoards:264 - Set plugin images path to: C:\ST\STM32CubeIDE_1.7.0\STM32CubeIDE\plugins\com.st.stm32cube.common.mx_6.3.0.202107141111\\db\/plugins/mcufinder/images/
2024-09-21 13:57:42,829 [INFO] DbExamples:333 - Set plugin images path to: C:\ST\STM32CubeIDE_1.7.0\STM32CubeIDE\plugins\com.st.stm32cube.common.mx_6.3.0.202107141111\\db\/plugins/mcufinder/images/
2024-09-21 13:57:42,829 [WARN] DbFile:35 - Overriding database path with different value: C:\Users\PC\.stmcufinder\plugins\mcufinder/ => C:\Users\PC\.stmcufinder\plugins\mcufinder
2024-09-21 13:57:42,829 [INFO] DbMcusAds:119 - Set database path to: C:\Users\PC\.stmcufinder\plugins\mcufinder//mcu/
2024-09-21 13:57:42,829 [WARN] DbFile:35 - Overriding database path with different value: C:\Users\PC\.stmcufinder\plugins\mcufinder/ => C:\Users\PC\.stmcufinder\plugins\mcufinder
2024-09-21 13:57:42,829 [INFO] DbMcusDocs:110 - Set database path to: C:\Users\PC\.stmcufinder\plugins\mcufinder//mcu/
2024-09-21 13:57:42,829 [WARN] DbFile:35 - Overriding database path with different value: C:\Users\PC\.stmcufinder\plugins\mcufinder/ => C:\Users\PC\.stmcufinder\plugins\mcufinder
2024-09-21 13:57:42,829 [INFO] DbMcusJson:64 - Set database path to: C:\Users\PC\.stmcufinder\plugins\mcufinder//mcu/
2024-09-21 13:57:42,829 [WARN] DbFile:35 - Overriding database path with different value: C:\Users\PC\.stmcufinder\plugins\mcufinder/ => C:\Users\PC\.stmcufinder\plugins\mcufinder
2024-09-21 13:57:42,829 [INFO] DbBoardsDocs:110 - Set database path to: C:\Users\PC\.stmcufinder\plugins\mcufinder//mcu/
2024-09-21 13:57:42,829 [WARN] DbFile:35 - Overriding database path with different value: C:\Users\PC\.stmcufinder\plugins\mcufinder/ => C:\Users\PC\.stmcufinder\plugins\mcufinder
2024-09-21 13:57:42,829 [INFO] DbBoardsJson:57 - Set database path to: C:\Users\PC\.stmcufinder\plugins\mcufinder//mcu/
2024-09-21 13:57:42,829 [WARN] DbFile:35 - Overriding database path with different value: C:\Users\PC\.stmcufinder\plugins\mcufinder/ => C:\Users\PC\.stmcufinder\plugins\mcufinder
2024-09-21 13:57:42,829 [WARN] DbFile:35 - Overriding database path with different value: C:\Users\PC\.stmcufinder\plugins\mcufinder/ => C:\Users\PC\.stmcufinder\plugins\mcufinder
2024-09-21 13:57:42,829 [INFO] CrossReferenceDbSqlite:196 - Set database path to: C:\Users\PC\.stmcufinder\plugins\mcufinder//mcu/cs/
2024-09-21 13:57:42,829 [WARN] DbFile:35 - Overriding database path with different value: C:\Users\PC\.stmcufinder\plugins\mcufinder/ => C:\Users\PC\.stmcufinder\plugins\mcufinder
2024-09-21 13:57:42,830 [INFO] DbExamplesSqlite:767 - Set database path to: C:\Users\PC\.stmcufinder\plugins\mcufinder//mcu/
2024-09-21 13:57:42,877 [INFO] MainPanel:214 - HeapMemory: 268435456
2024-09-21 13:57:42,945 [INFO] DbMcusXml:74 - Set database path to: C:\ST\STM32CubeIDE_1.7.0\STM32CubeIDE\plugins\com.st.stm32cube.common.mx_6.3.0.202107141111\\db\/mcu/
2024-09-21 13:57:42,946 [INFO] DbBoardsPdsc:56 - Set plugin database path to: C:\ST\STM32CubeIDE_1.7.0\STM32CubeIDE\plugins\com.st.stm32cube.common.mx_6.3.0.202107141111\\db\/plugins/boardmanager/
2024-09-21 13:57:42,946 [INFO] DbMcus:258 - Set plugin images path to: C:\ST\STM32CubeIDE_1.7.0\STM32CubeIDE\plugins\com.st.stm32cube.common.mx_6.3.0.202107141111\\db\/plugins/mcufinder/images/
2024-09-21 13:57:42,946 [INFO] DbBoards:264 - Set plugin images path to: C:\ST\STM32CubeIDE_1.7.0\STM32CubeIDE\plugins\com.st.stm32cube.common.mx_6.3.0.202107141111\\db\/plugins/mcufinder/images/
2024-09-21 13:57:42,946 [INFO] DbExamples:333 - Set plugin images path to: C:\ST\STM32CubeIDE_1.7.0\STM32CubeIDE\plugins\com.st.stm32cube.common.mx_6.3.0.202107141111\\db\/plugins/mcufinder/images/
2024-09-21 13:57:42,946 [WARN] DbFile:35 - Overriding database path with different value: C:\Users\PC\.stmcufinder\plugins\mcufinder/ => C:\Users\PC\.stmcufinder\plugins\mcufinder
2024-09-21 13:57:42,946 [INFO] DbMcusAds:119 - Set database path to: C:\Users\PC\.stmcufinder\plugins\mcufinder//mcu/
2024-09-21 13:57:42,946 [WARN] DbFile:35 - Overriding database path with different value: C:\Users\PC\.stmcufinder\plugins\mcufinder/ => C:\Users\PC\.stmcufinder\plugins\mcufinder
2024-09-21 13:57:42,946 [INFO] DbMcusDocs:110 - Set database path to: C:\Users\PC\.stmcufinder\plugins\mcufinder//mcu/
2024-09-21 13:57:42,946 [WARN] DbFile:35 - Overriding database path with different value: C:\Users\PC\.stmcufinder\plugins\mcufinder/ => C:\Users\PC\.stmcufinder\plugins\mcufinder
2024-09-21 13:57:42,946 [INFO] DbMcusJson:64 - Set database path to: C:\Users\PC\.stmcufinder\plugins\mcufinder//mcu/
2024-09-21 13:57:42,946 [WARN] DbFile:35 - Overriding database path with different value: C:\Users\PC\.stmcufinder\plugins\mcufinder/ => C:\Users\PC\.stmcufinder\plugins\mcufinder
2024-09-21 13:57:42,946 [INFO] DbBoardsDocs:110 - Set database path to: C:\Users\PC\.stmcufinder\plugins\mcufinder//mcu/
2024-09-21 13:57:42,947 [WARN] DbFile:35 - Overriding database path with different value: C:\Users\PC\.stmcufinder\plugins\mcufinder/ => C:\Users\PC\.stmcufinder\plugins\mcufinder
2024-09-21 13:57:42,947 [INFO] DbBoardsJson:57 - Set database path to: C:\Users\PC\.stmcufinder\plugins\mcufinder//mcu/
2024-09-21 13:57:42,947 [WARN] DbFile:35 - Overriding database path with different value: C:\Users\PC\.stmcufinder\plugins\mcufinder/ => C:\Users\PC\.stmcufinder\plugins\mcufinder
2024-09-21 13:57:42,947 [WARN] DbFile:35 - Overriding database path with different value: C:\Users\PC\.stmcufinder\plugins\mcufinder/ => C:\Users\PC\.stmcufinder\plugins\mcufinder
2024-09-21 13:57:42,947 [INFO] CrossReferenceDbSqlite:196 - Set database path to: C:\Users\PC\.stmcufinder\plugins\mcufinder//mcu/cs/
2024-09-21 13:57:42,947 [WARN] DbFile:35 - Overriding database path with different value: C:\Users\PC\.stmcufinder\plugins\mcufinder/ => C:\Users\PC\.stmcufinder\plugins\mcufinder
2024-09-21 13:57:42,947 [INFO] DbExamplesSqlite:767 - Set database path to: C:\Users\PC\.stmcufinder\plugins\mcufinder//mcu/
2024-09-21 13:57:42,960 [INFO] ApplicationProperties:181 - Using Application install path: C:\ST\STM32CubeIDE_1.7.0\STM32CubeIDE\plugins\com.st.stm32cube.common.mx_6.3.0.202107141111
2024-09-21 13:57:42,960 [INFO] PluginManage:188 - Search for loadable plugins [exclusion list=, ]
2024-09-21 13:57:42,961 [INFO] PluginManage:302 - Check plugin analytics
2024-09-21 13:57:48,040 [INFO] AnalyticsPlugin:257 - Accepted Software Licenses: 
2024-09-21 13:57:48,040 [INFO] AnalyticsPlugin:259 - Accepted CMSIS Pack Licenses: 
2024-09-21 13:57:48,040 [INFO] AnalyticsPlugin:261 - Accepted Firmware Licenses: 
2024-09-21 13:57:48,041 [INFO] PluginManage:352 - Loaded plugin analytics (category:tool,tabindex:-1)
2024-09-21 13:57:48,041 [INFO] PluginManage:302 - Check plugin clock
2024-09-21 13:57:48,055 [INFO] PluginManage:352 - Loaded plugin clock (category:base,tabindex:2)
2024-09-21 13:57:48,055 [INFO] PluginManage:302 - Check plugin ddr
2024-09-21 13:57:48,057 [INFO] PluginManage:352 - Loaded plugin ddr (category:tool,tabindex:6)
2024-09-21 13:57:48,057 [INFO] PluginManage:302 - Check plugin filemanager
2024-09-21 13:57:48,132 [INFO] PluginManage:352 - Loaded plugin filemanager (category:base,tabindex:10)
2024-09-21 13:57:48,132 [INFO] PluginManage:302 - Check plugin ipmanager
2024-09-21 13:57:48,137 [INFO] PluginManage:352 - Loaded plugin ipmanager (category:base,tabindex:5)
2024-09-21 13:57:48,137 [INFO] PluginManage:302 - Check plugin pinoutandconfiguration
2024-09-21 13:57:48,150 [INFO] PluginManage:352 - Loaded plugin pinoutandconfiguration (category:base,tabindex:1)
2024-09-21 13:57:48,150 [INFO] PluginManage:302 - Check plugin pinoutconfig
2024-09-21 13:57:48,173 [INFO] PluginManage:352 - Loaded plugin pinoutconfig (category:base,tabindex:0)
2024-09-21 13:57:48,173 [INFO] PluginManage:302 - Check plugin power
2024-09-21 13:57:48,188 [INFO] PluginManage:352 - Loaded plugin power (category:power,tabindex:4)
2024-09-21 13:57:48,189 [INFO] PluginManage:302 - Check plugin projectmanager
2024-09-21 13:57:48,197 [INFO] PluginManage:352 - Loaded plugin projectmanager (category:projectmanager,tabindex:3)
2024-09-21 13:57:48,197 [INFO] PluginManage:302 - Check plugin thirdparty
2024-09-21 13:57:48,347 [WARN] IntegrityCheckThread:78 - waiting for thirdparty lock release [integrity check]
2024-09-21 13:57:48,347 [INFO] PluginManage:352 - Loaded plugin thirdparty (category:base,tabindex:-1)
2024-09-21 13:57:48,347 [INFO] IntegrityCheckThread:80 - entering critical section [integrity check]
2024-09-21 13:57:48,347 [INFO] PluginManage:302 - Check plugin tools
2024-09-21 13:57:48,348 [INFO] ThirdPartyUpdaterWithRetryManager:66 - Updater plugin not ready yet. [1/15]
2024-09-21 13:57:48,385 [INFO] PluginManage:352 - Loaded plugin tools (category:base,tabindex:7)
2024-09-21 13:57:48,385 [INFO] PluginManage:302 - Check plugin tutovideos
2024-09-21 13:57:48,533 [INFO] PluginManage:352 - Loaded plugin tutovideos (category:base,tabindex:-1)
2024-09-21 13:57:48,533 [INFO] PluginManage:302 - Check plugin updater
2024-09-21 13:57:48,542 [INFO] PluginManage:352 - Loaded plugin updater (category:base,tabindex:12)
2024-09-21 13:57:48,542 [INFO] PluginManage:275 - PluginManage : Loaded plugins [13]
2024-09-21 13:57:48,658 [INFO] PinOutPanel:1463 - setPackage(No Configuration,No Configuration)
2024-09-21 13:57:48,720 [INFO] IPUIPlugin:74 - create IPUIPlugin
2024-09-21 13:57:48,720 [INFO] PluginManager:213 - loadIPPluginJar : add adc
2024-09-21 13:57:48,752 [INFO] IPUIPlugin:74 - create IPUIPlugin
2024-09-21 13:57:48,753 [INFO] PluginManager:213 - loadIPPluginJar : add aes
2024-09-21 13:57:48,782 [INFO] IPUIPlugin:74 - create IPUIPlugin
2024-09-21 13:57:48,782 [INFO] PluginManager:213 - loadIPPluginJar : add can
2024-09-21 13:57:48,802 [INFO] IPUIPlugin:74 - create IPUIPlugin
2024-09-21 13:57:48,803 [INFO] PluginManager:213 - loadIPPluginJar : add comp
2024-09-21 13:57:48,829 [INFO] IPUIPlugin:74 - create IPUIPlugin
2024-09-21 13:57:48,829 [INFO] PluginManager:213 - loadIPPluginJar : add cryp
2024-09-21 13:57:48,852 [INFO] IPUIPlugin:74 - create IPUIPlugin
2024-09-21 13:57:48,853 [INFO] PluginManager:213 - loadIPPluginJar : add dfsdm
2024-09-21 13:57:48,863 [INFO] IPUIPlugin:74 - create IPUIPlugin
2024-09-21 13:57:48,864 [INFO] PluginManager:213 - loadIPPluginJar : add dma
2024-09-21 13:57:48,899 [INFO] IPUIPlugin:74 - create IPUIPlugin
2024-09-21 13:57:48,899 [INFO] PluginManager:213 - loadIPPluginJar : add dma3
2024-09-21 13:57:48,926 [INFO] IPUIPlugin:74 - create IPUIPlugin
2024-09-21 13:57:48,926 [INFO] PluginManager:213 - loadIPPluginJar : add fatfs
2024-09-21 13:57:48,974 [INFO] IPUIPlugin:74 - create IPUIPlugin
2024-09-21 13:57:48,974 [INFO] PluginManager:213 - loadIPPluginJar : add fmc
2024-09-21 13:57:48,985 [INFO] IPUIPlugin:74 - create IPUIPlugin
2024-09-21 13:57:48,986 [INFO] PluginManager:213 - loadIPPluginJar : add freertos
2024-09-21 13:57:49,005 [INFO] IPUIPlugin:74 - create IPUIPlugin
2024-09-21 13:57:49,005 [INFO] PluginManager:213 - loadIPPluginJar : add genericplugin
2024-09-21 13:57:49,095 [INFO] IPUIPlugin:74 - create IPUIPlugin
2024-09-21 13:57:49,095 [INFO] PluginManager:213 - loadIPPluginJar : add gfxmmu
2024-09-21 13:57:49,196 [INFO] IPUIPlugin:74 - create IPUIPlugin
2024-09-21 13:57:49,197 [INFO] PluginManager:213 - loadIPPluginJar : add gic
2024-09-21 13:57:49,205 [INFO] IPUIPlugin:74 - create IPUIPlugin
2024-09-21 13:57:49,205 [INFO] PluginManager:213 - loadIPPluginJar : add gpio
2024-09-21 13:57:49,277 [INFO] IPUIPlugin:74 - create IPUIPlugin
2024-09-21 13:57:49,277 [INFO] PluginManager:213 - loadIPPluginJar : add gtzc
2024-09-21 13:57:49,299 [INFO] IPUIPlugin:74 - create IPUIPlugin
2024-09-21 13:57:49,299 [INFO] PluginManager:213 - loadIPPluginJar : add hash
2024-09-21 13:57:49,337 [INFO] IPUIPlugin:74 - create IPUIPlugin
2024-09-21 13:57:49,337 [INFO] PluginManager:213 - loadIPPluginJar : add i2c
2024-09-21 13:57:49,380 [INFO] IPUIPlugin:74 - create IPUIPlugin
2024-09-21 13:57:49,380 [INFO] PluginManager:213 - loadIPPluginJar : add i2s
2024-09-21 13:57:49,389 [INFO] IPUIPlugin:74 - create IPUIPlugin
2024-09-21 13:57:49,389 [INFO] PluginManager:213 - loadIPPluginJar : add ipddr
2024-09-21 13:57:49,452 [INFO] IPUIPlugin:74 - create IPUIPlugin
2024-09-21 13:57:49,452 [INFO] PluginManager:213 - loadIPPluginJar : add linkedlist
2024-09-21 13:57:49,488 [INFO] IPUIPlugin:74 - create IPUIPlugin
2024-09-21 13:57:49,488 [INFO] PluginManager:213 - loadIPPluginJar : add lorawan
2024-09-21 13:57:49,517 [INFO] IPUIPlugin:74 - create IPUIPlugin
2024-09-21 13:57:49,517 [INFO] PluginManager:213 - loadIPPluginJar : add ltdc
2024-09-21 13:57:49,524 [INFO] IPUIPlugin:74 - create IPUIPlugin
2024-09-21 13:57:49,524 [INFO] PluginManager:213 - loadIPPluginJar : add mdma
2024-09-21 13:57:49,532 [INFO] IPUIPlugin:74 - create IPUIPlugin
2024-09-21 13:57:49,532 [INFO] PluginManager:213 - loadIPPluginJar : add nvic
2024-09-21 13:57:49,564 [INFO] IPUIPlugin:74 - create IPUIPlugin
2024-09-21 13:57:49,564 [INFO] PluginManager:213 - loadIPPluginJar : add opamp
2024-09-21 13:57:49,609 [INFO] IPUIPlugin:74 - create IPUIPlugin
2024-09-21 13:57:49,610 [INFO] PluginManager:213 - loadIPPluginJar : add openamp
2024-09-21 13:57:49,643 [INFO] IPUIPlugin:74 - create IPUIPlugin
2024-09-21 13:57:49,643 [INFO] PluginManager:213 - loadIPPluginJar : add pdm2pcm
2024-09-21 13:57:49,652 [INFO] IPUIPlugin:74 - create IPUIPlugin
2024-09-21 13:57:49,654 [INFO] PluginManager:213 - loadIPPluginJar : add plateformsettings
2024-09-21 13:57:49,674 [INFO] IPUIPlugin:74 - create IPUIPlugin
2024-09-21 13:57:49,674 [INFO] PluginManager:213 - loadIPPluginJar : add quadspi
2024-09-21 13:57:49,682 [INFO] IPUIPlugin:74 - create IPUIPlugin
2024-09-21 13:57:49,682 [INFO] PluginManager:213 - loadIPPluginJar : add resmgrutility
2024-09-21 13:57:49,720 [INFO] IPUIPlugin:74 - create IPUIPlugin
2024-09-21 13:57:49,720 [INFO] PluginManager:213 - loadIPPluginJar : add sai
2024-09-21 13:57:49,749 [INFO] IPUIPlugin:74 - create IPUIPlugin
2024-09-21 13:57:49,749 [INFO] PluginManager:213 - loadIPPluginJar : add spi
2024-09-21 13:57:49,790 [INFO] IPUIPlugin:74 - create IPUIPlugin
2024-09-21 13:57:49,790 [INFO] PluginManager:213 - loadIPPluginJar : add stm32_wpan
2024-09-21 13:57:49,811 [INFO] IPUIPlugin:74 - create IPUIPlugin
2024-09-21 13:57:49,811 [INFO] PluginManager:213 - loadIPPluginJar : add tim
2024-09-21 13:57:49,884 [INFO] IPUIPlugin:74 - create IPUIPlugin
2024-09-21 13:57:49,884 [INFO] PluginManager:213 - loadIPPluginJar : add touchsensing
2024-09-21 13:57:49,916 [INFO] IPUIPlugin:74 - create IPUIPlugin
2024-09-21 13:57:49,916 [INFO] PluginManager:213 - loadIPPluginJar : add tracer_emb
2024-09-21 13:57:49,948 [INFO] IPUIPlugin:74 - create IPUIPlugin
2024-09-21 13:57:49,948 [INFO] PluginManager:213 - loadIPPluginJar : add ts
2024-09-21 13:57:49,969 [INFO] IPUIPlugin:74 - create IPUIPlugin
2024-09-21 13:57:49,969 [INFO] PluginManager:213 - loadIPPluginJar : add tsc
2024-09-21 13:57:49,994 [INFO] IPUIPlugin:74 - create IPUIPlugin
2024-09-21 13:57:49,994 [INFO] PluginManager:213 - loadIPPluginJar : add ucpd
2024-09-21 13:57:50,045 [INFO] IPUIPlugin:74 - create IPUIPlugin
2024-09-21 13:57:50,045 [INFO] PluginManager:213 - loadIPPluginJar : add usart
2024-09-21 13:57:50,076 [INFO] IPUIPlugin:74 - create IPUIPlugin
2024-09-21 13:57:50,076 [INFO] PluginManager:213 - loadIPPluginJar : add usbx
2024-09-21 13:57:50,292 [FATAL] Updater:294 - Updater called before beeing initialized
2024-09-21 13:57:50,362 [FATAL] Updater:294 - Updater called before beeing initialized
2024-09-21 13:57:50,368 [INFO] DbMcusAds:47 - JSON generation date=Mon Sep 16 21:39:53 ICT 2024 (1726497593759)
2024-09-21 13:57:50,368 [FATAL] Updater:294 - Updater called before beeing initialized
2024-09-21 13:57:50,395 [WARN] DetailPanel:314 - Failed to get advertising image, set to default
2024-09-21 13:57:50,448 [FATAL] Updater:294 - Updater called before beeing initialized
2024-09-21 13:57:50,450 [FATAL] Updater:294 - Updater called before beeing initialized
2024-09-21 13:57:50,450 [FATAL] Updater:294 - Updater called before beeing initialized
2024-09-21 13:57:50,450 [WARN] DetailPanel:314 - Failed to get advertising image, set to default
2024-09-21 13:57:50,451 [FATAL] Updater:294 - Updater called before beeing initialized
2024-09-21 13:57:50,485 [ERROR] Updater:1075 - MainUpdater not yet initialized. External WinMGr cannot be set.
2024-09-21 13:57:50,492 [INFO] Updater:1012 - Updater Version found : 6.3.0
2024-09-21 13:57:50,507 [INFO] ApplicationProperties:181 - Using Application install path: C:\ST\STM32CubeIDE_1.7.0\STM32CubeIDE\plugins\com.st.stm32cube.common.mx_6.3.0.202107141111
2024-09-21 13:57:50,721 [INFO] MainUpdater:2671 - connection check result : 10
2024-09-21 13:57:50,721 [INFO] MainUpdater:3359 - Updater definition file requires update
2024-09-21 13:57:50,722 [INFO] MainUpdater:265 - Updater Check For Update Now.
2024-09-21 13:57:50,722 [INFO] MicroXplorer:478 - Change Database Version : DB.6.0.30
2024-09-21 13:57:50,859 [INFO] ServerAccessManage:362 - Download File updaters.zip
2024-09-21 13:57:50,953 [INFO] FileExtend:235 - Unzip File : updaters.zip
2024-09-21 13:57:50,954 [INFO] FileExtend:250 - Standard Zip Deflate
2024-09-21 13:57:51,357 [WARN] MainUpdater:1122 - Updater busy. Cannot search thirdparties
2024-09-21 13:57:51,357 [INFO] ThirdPartyUpdaterWithRetryManager:92 - Updater plugin is busy. [1/15]
2024-09-21 13:57:51,558 [INFO] ServerAccessManage:362 - Download File PacksControlFlags.xml
2024-09-21 13:57:51,737 [INFO] ServerAccessManage:362 - Download File cubemx.pidx
2024-09-21 13:57:52,332 [INFO] ServerAccessManage:362 - Download File STMicroelectronics.X-CUBE-ISPU.pdsc
2024-09-21 13:57:53,432 [INFO] ServerAccessManage:362 - Download File STMicroelectronics.X-CUBE-TOUCHGFX.pdsc
2024-09-21 13:57:54,360 [WARN] MainUpdater:1122 - Updater busy. Cannot search thirdparties
2024-09-21 13:57:54,360 [INFO] ThirdPartyUpdaterWithRetryManager:92 - Updater plugin is busy. [2/15]
2024-09-21 13:57:57,360 [WARN] MainUpdater:1122 - Updater busy. Cannot search thirdparties
2024-09-21 13:57:57,360 [INFO] ThirdPartyUpdaterWithRetryManager:92 - Updater plugin is busy. [3/15]
2024-09-21 13:57:58,574 [WARN] PackLoader:238 - Cannot read IP mode file for STMicroelectronics.X-CUBE-ISPU.2.1.0
2024-09-21 13:57:58,578 [WARN] PackLoader:238 - Cannot read IP mode file for STMicroelectronics.X-CUBE-TOUCHGFX.4.24.1
2024-09-21 13:57:58,578 [INFO] PopulateThirdPartyThread:60 - Ending populate Thread
2024-09-21 13:57:58,579 [INFO] ThirdParty:967 - CMSIS Pack Vendor :STMicroelectronics X-CUBE-TOUCHGFX 4.24.1
2024-09-21 13:57:58,579 [INFO] ThirdParty:967 - CMSIS Pack Vendor :STMicroelectronics X-CUBE-ISPU 2.1.0
2024-09-21 13:57:58,579 [INFO] LoadServerUpdatesThread:339 - End of LoadServerUpdate Thread
2024-09-21 13:57:58,681 [INFO] CheckServerUpdateThread:112 - End of CheckServer Thread
2024-09-21 13:57:58,770 [INFO] MainUpdater:2671 - connection check result : 10
2024-09-21 13:57:58,787 [INFO] McuFinderGlobals:52 - Set McuFinderConnectedMode to true
2024-09-21 13:57:58,973 [INFO] ServerAccessManage:362 - Download File mcusAds.json._tmp_
2024-09-21 13:57:59,077 [INFO] LoadUrlFilesThread:145 - End of LoadUrlFiles Thread
2024-09-21 13:57:59,723 [INFO] ServerAccessManage:362 - Download File mcusDocs.json._tmp_
2024-09-21 13:58:00,360 [WARN] MainUpdater:1122 - Updater busy. Cannot search thirdparties
2024-09-21 13:58:00,360 [INFO] ThirdPartyUpdaterWithRetryManager:92 - Updater plugin is busy. [4/15]
2024-09-21 13:58:00,438 [INFO] LoadUrlFilesThread:145 - End of LoadUrlFiles Thread
2024-09-21 13:58:00,614 [INFO] ServerAccessManage:362 - Download File mcusFeaturesAndDescription.json._tmp_
2024-09-21 13:58:03,360 [WARN] MainUpdater:1122 - Updater busy. Cannot search thirdparties
2024-09-21 13:58:03,360 [INFO] ThirdPartyUpdaterWithRetryManager:92 - Updater plugin is busy. [5/15]
2024-09-21 13:58:03,783 [INFO] LoadUrlFilesThread:145 - End of LoadUrlFiles Thread
2024-09-21 13:58:03,972 [INFO] ServerAccessManage:362 - Download File boardsDocs.json._tmp_
2024-09-21 13:58:04,082 [INFO] LoadUrlFilesThread:145 - End of LoadUrlFiles Thread
2024-09-21 13:58:04,264 [INFO] ServerAccessManage:362 - Download File boards.json._tmp_
2024-09-21 13:58:04,479 [INFO] LoadUrlFilesThread:145 - End of LoadUrlFiles Thread
2024-09-21 13:58:04,651 [INFO] ServerAccessManage:362 - Download File cube-finder-db.zip
2024-09-21 13:58:06,361 [WARN] MainUpdater:1122 - Updater busy. Cannot search thirdparties
2024-09-21 13:58:06,361 [INFO] ThirdPartyUpdaterWithRetryManager:92 - Updater plugin is busy. [6/15]
2024-09-21 13:58:09,361 [WARN] MainUpdater:1122 - Updater busy. Cannot search thirdparties
2024-09-21 13:58:09,361 [INFO] ThirdPartyUpdaterWithRetryManager:92 - Updater plugin is busy. [7/15]
2024-09-21 13:58:12,361 [WARN] MainUpdater:1122 - Updater busy. Cannot search thirdparties
2024-09-21 13:58:12,361 [INFO] ThirdPartyUpdaterWithRetryManager:92 - Updater plugin is busy. [8/15]
2024-09-21 13:58:15,362 [WARN] MainUpdater:1122 - Updater busy. Cannot search thirdparties
2024-09-21 13:58:15,362 [INFO] ThirdPartyUpdaterWithRetryManager:92 - Updater plugin is busy. [9/15]
2024-09-21 13:58:16,074 [INFO] FileExtend:235 - Unzip File : cube-finder-db.zip
2024-09-21 13:58:16,074 [INFO] FileExtend:250 - Standard Zip Deflate
2024-09-21 13:58:16,634 [INFO] LoadUrlFilesThread:145 - End of LoadUrlFiles Thread
2024-09-21 13:58:17,972 [INFO] ServerAccessManage:362 - Download File crdb.zip
2024-09-21 13:58:18,362 [WARN] MainUpdater:1122 - Updater busy. Cannot search thirdparties
2024-09-21 13:58:18,362 [INFO] ThirdPartyUpdaterWithRetryManager:92 - Updater plugin is busy. [10/15]
2024-09-21 13:58:21,362 [WARN] MainUpdater:1122 - Updater busy. Cannot search thirdparties
2024-09-21 13:58:21,362 [INFO] ThirdPartyUpdaterWithRetryManager:92 - Updater plugin is busy. [11/15]
2024-09-21 13:58:24,363 [WARN] MainUpdater:1122 - Updater busy. Cannot search thirdparties
2024-09-21 13:58:24,363 [INFO] ThirdPartyUpdaterWithRetryManager:92 - Updater plugin is busy. [12/15]
2024-09-21 13:58:24,718 [INFO] FileExtend:235 - Unzip File : crdb.zip
2024-09-21 13:58:24,718 [INFO] FileExtend:250 - Standard Zip Deflate
2024-09-21 13:58:24,837 [INFO] LoadUrlFilesThread:145 - End of LoadUrlFiles Thread
2024-09-21 13:58:24,974 [INFO] ServerAccessManage:362 - Download File tutoVideoDB.zip
2024-09-21 13:58:25,019 [INFO] FileExtend:235 - Unzip File : tutoVideoDB.zip
2024-09-21 13:58:25,019 [INFO] FileExtend:250 - Standard Zip Deflate
2024-09-21 13:58:25,128 [INFO] LoadUrlFilesThread:145 - End of LoadUrlFiles Thread
2024-09-21 13:58:25,134 [INFO] DbMcusAds:47 - JSON generation date=Fri Sep 20 20:04:23 ICT 2024 (1726837463113)
2024-09-21 13:58:25,146 [INFO] DbMcusDocs:143 - JSON generation date=Tue Nov 16 23:17:54 ICT 2021 (1637079474)
2024-09-21 13:58:25,146 [INFO] DbMcusXml:100 - Load MCU database from C:\ST\STM32CubeIDE_1.7.0\STM32CubeIDE\plugins\com.st.stm32cube.common.mx_6.3.0.202107141111\\db\/mcu/families.xml
2024-09-21 13:58:25,600 [INFO] DbMcusJson:93 - JSON generation date=Tue Nov 16 23:17:54 ICT 2021 (1637079474)
2024-09-21 13:58:25,911 [INFO] DbMcus:175 - Found 1951 MCUs (1903 are supported by CubeMX, 1914 are visible in CubeMX)
2024-09-21 13:58:25,912 [INFO] ApiDb:251 - Load user favorites file C:\Users\PC/.stm32cubeide/favorites.mcus.txt: 0 item(s)
2024-09-21 13:58:25,912 [INFO] ApiDb:255 - User favorites MCUs=[]
2024-09-21 13:58:25,912 [INFO] DbMcus:187 - Set 0 / 0 favorites MCUs
2024-09-21 13:58:26,324 [INFO] DbMcusDocs:79 - Found 682 MCUs documents
2024-09-21 13:58:26,326 [INFO] ApiDb:276 - Save user favorites file C:\Users\PC/.stm32cubeide/favorites.mcus.txt: 0 item(s)
2024-09-21 13:58:26,326 [INFO] ApiDb:280 - User favorites MCUs=[]
2024-09-21 13:58:26,326 [INFO] DbMcusXml:100 - Load MCU database from C:\ST\STM32CubeIDE_1.7.0\STM32CubeIDE\plugins\com.st.stm32cube.common.mx_6.3.0.202107141111\\db\/mcu/families.xml
2024-09-21 13:58:26,680 [INFO] DbMcusJson:93 - JSON generation date=Tue Nov 16 23:17:54 ICT 2021 (1637079474)
2024-09-21 13:58:26,991 [INFO] DbMcus:175 - Found 1951 MCUs (1903 are supported by CubeMX, 1914 are visible in CubeMX)
2024-09-21 13:58:26,992 [INFO] ApiDb:251 - Load user favorites file C:\Users\PC/.stm32cubeide/favorites.mcus.txt: 0 item(s)
2024-09-21 13:58:26,992 [INFO] ApiDb:255 - User favorites MCUs=[]
2024-09-21 13:58:26,992 [INFO] DbMcus:187 - Set 0 / 0 favorites MCUs
2024-09-21 13:58:26,997 [INFO] DbBoardsDocs:143 - JSON generation date=Tue Nov 16 23:17:54 ICT 2021 (1637079474)
2024-09-21 13:58:27,013 [INFO] DbBoardsPdsc:90 - Found 25 items
2024-09-21 13:58:27,021 [INFO] DbBoardsPdsc:90 - Found 9 items
2024-09-21 13:58:27,031 [INFO] DbBoardsPdsc:90 - Found 33 items
2024-09-21 13:58:27,038 [INFO] DbBoardsPdsc:90 - Found 1 items
2024-09-21 13:58:27,048 [INFO] DbBoardsPdsc:90 - Found 48 items
2024-09-21 13:58:27,060 [INFO] DbBoardsPdsc:90 - Found 43 items
2024-09-21 13:58:27,066 [INFO] DbBoardsPdsc:90 - Found 2 items
2024-09-21 13:58:27,076 [INFO] DbBoardsPdsc:90 - Found 5 items
2024-09-21 13:58:27,079 [WARN] DbBoardsPdsc:254 - Board STM32H7B3I-DK: unknown feature type=Audio, name=, username=Audio stereo codec with Headphone Amp (CS42L51-CNZ), n=1
2024-09-21 13:58:27,079 [WARN] DbBoardsPdsc:254 - Board STM32H735G-DK: unknown feature type=Audio, name=, username=Audio stereo codec with Headphone Amp (WM8994ECS/R), n=1
2024-09-21 13:58:27,080 [WARN] DbBoardsPdsc:254 - Board STM32H7B3I-EVAL: unknown feature type=Audio, name=, username=Multi-Channel Audio Codec (CS42L51-CNZ), n=1
2024-09-21 13:58:27,080 [WARN] DbBoardsPdsc:254 - Board STM32H7B3I-EVAL: unknown feature type=Meter, name=, username=Power-metering and Temperature-monitoring with sigma-delta modulators, n=1
2024-09-21 13:58:27,080 [WARN] DbBoardsPdsc:254 - Board STM32H7B3I-EVAL: unknown feature type=Motor, name=, username=Motor Control, n=1
2024-09-21 13:58:27,081 [WARN] DbBoardsPdsc:254 - Board STM32U575I-EV: unknown feature type=joystick, name=, username=4-direction joystick with selection button, n=1
2024-09-21 13:58:27,089 [INFO] DbBoardsJson:86 - JSON generation date=Tue Nov 16 23:17:54 ICT 2021 (1637079474)
2024-09-21 13:58:27,094 [INFO] DbBoards:117 - Found 167 boards (163 are supported by CubeMX)
2024-09-21 13:58:27,095 [INFO] DbBoardsDocs:143 - JSON generation date=Tue Nov 16 23:17:54 ICT 2021 (1637079474)
2024-09-21 13:58:27,097 [INFO] DbBoardsDocs:79 - Found 209 boards documents
2024-09-21 13:58:27,098 [WARN] DbBoards:127 - board B-L475E-IOT01A2 has no document id list !
2024-09-21 13:58:27,098 [WARN] DbBoards:127 - board NUCLEO-H743ZI has no document id list !
2024-09-21 13:58:27,099 [WARN] DbBoards:127 - board NUCLEO-WL55JC2 has no document id list !
2024-09-21 13:58:27,099 [WARN] DbBoards:127 - board P-NUCLEO-WB55-Nucleo has no document id list !
2024-09-21 13:58:27,099 [WARN] DbBoards:127 - board P-NUCLEO-WB55-USBDongle has no document id list !
2024-09-21 13:58:27,099 [WARN] DbBoards:127 - board STEVAL-BFA001V1B has no document id list !
2024-09-21 13:58:27,099 [WARN] DbBoards:127 - board STEVAL-BFA001V2B has no document id list !
2024-09-21 13:58:27,100 [WARN] DbBoards:127 - board STEVAL-IDP005V1 has no document id list !
2024-09-21 13:58:27,100 [WARN] DbBoards:127 - board STEVAL-IDP005V2 has no document id list !
2024-09-21 13:58:27,100 [WARN] DbBoards:127 - board STEVAL-MKSBOX1V1 has no document id list !
2024-09-21 13:58:27,100 [WARN] DbBoards:127 - board STEVAL-STWINKT1 has no document id list !
2024-09-21 13:58:27,100 [WARN] DbBoards:127 - board STEVAL-STWINKT1B has no document id list !
2024-09-21 13:58:27,100 [WARN] DbBoards:127 - board STM32439I-EVAL2 has no document id list !
2024-09-21 13:58:27,100 [WARN] DbBoards:127 - board STM32F401C-DISCO has no document id list !
2024-09-21 13:58:27,100 [WARN] DbBoards:127 - board STM32F769I-DISC1 has no document id list !
2024-09-21 13:58:27,101 [WARN] DbBoards:127 - board STM32G474E-EVAL1 has no document id list !
2024-09-21 13:58:27,101 [WARN] DbBoards:127 - board STM32H743I-EVAL2 has no document id list !
2024-09-21 13:58:27,101 [WARN] DbBoards:127 - board STM32H747I-DISC1 has no document id list !
2024-09-21 13:58:27,101 [WARN] DbBoards:127 - board STM32H753I-EVAL2 has no document id list !
2024-09-21 13:58:27,101 [WARN] DbBoards:127 - board STM32L-DISCOVERY has no document id list !
2024-09-21 13:58:27,178 [ERROR] DbBoards:189 - Image file not found for board B-U585I-IOT02A: C:\ST\STM32CubeIDE_1.7.0\STM32CubeIDE\plugins\com.st.stm32cube.common.mx_6.3.0.202107141111\\db\/plugins/mcufinder/images/boards/B-U585I-IOT02A_small.jpg
2024-09-21 13:58:27,234 [ERROR] DbBoards:189 - Image file not found for board NUCLEO-F413ZH: C:\ST\STM32CubeIDE_1.7.0\STM32CubeIDE\plugins\com.st.stm32cube.common.mx_6.3.0.202107141111\\db\/plugins/mcufinder/images/boards/nucleo-f413zh_small.jpg
2024-09-21 13:58:27,341 [ERROR] DbBoards:189 - Image file not found for board NUCLEO-L552ZE-Q: C:\ST\STM32CubeIDE_1.7.0\STM32CubeIDE\plugins\com.st.stm32cube.common.mx_6.3.0.202107141111\\db\/plugins/mcufinder/images/boards/nucleo_l552ze_q_small.jpg
2024-09-21 13:58:27,342 [ERROR] DbBoards:189 - Image file not found for board NUCLEO-U575ZI-Q: C:\ST\STM32CubeIDE_1.7.0\STM32CubeIDE\plugins\com.st.stm32cube.common.mx_6.3.0.202107141111\\db\/plugins/mcufinder/images/boards/nucleo-u575zi-q_small.jpg
2024-09-21 13:58:27,342 [ERROR] DbBoards:189 - Image file not found for board NUCLEO-WB15CC: C:\ST\STM32CubeIDE_1.7.0\STM32CubeIDE\plugins\com.st.stm32cube.common.mx_6.3.0.202107141111\\db\/plugins/mcufinder/images/boards/nucleo-wb15cc_small.jpg
2024-09-21 13:58:27,342 [ERROR] DbBoards:189 - Image file not found for board NUCLEO-WB55RG: C:\ST\STM32CubeIDE_1.7.0\STM32CubeIDE\plugins\com.st.stm32cube.common.mx_6.3.0.202107141111\\db\/plugins/mcufinder/images/boards/nucleo-wb55rg_small.jpg
2024-09-21 13:58:27,429 [ERROR] Engine:463 - C:\Users\PC\.stm32cubemx\thirdparties\pdsc\STMicroelectronics.X-CUBE-SMBUS.2.1.0.pdsc: PDSC version is not supported
2024-09-21 13:58:27,460 [WARN] PackLoader:238 - Cannot read IP mode file for STMicroelectronics.X-CUBE-AZRTOS-F7.1.1.0
2024-09-21 13:58:27,471 [ERROR] Engine:463 - C:\Users\PC\.stm32cubemx\thirdparties\pdsc\emotas.I-CUBE-CANOPEN.1.3.0.pdsc: PDSC version is not supported
2024-09-21 13:58:27,485 [INFO] LogOutputStream:76 - [STDOUT_REDIRECT] 1 : Invalid condition id : UX_CORESTACK_Condition cause : null
2024-09-21 13:58:27,485 [INFO] LogOutputStream:76 - [STDOUT_REDIRECT] 1 : Invalid condition id : UX_CORESTACK_Condition cause : null
2024-09-21 13:58:27,486 [INFO] LogOutputStream:76 - [STDOUT_REDIRECT] 1 : Invalid condition id : UX_CORESTACK_Condition cause : null
2024-09-21 13:58:27,486 [INFO] LogOutputStream:76 - [STDOUT_REDIRECT] 1 : Invalid condition id : UX_CORESTACK_Condition cause : null
2024-09-21 13:58:27,487 [INFO] LogOutputStream:76 - [STDOUT_REDIRECT] 1 : Invalid condition id : UX_CORESTACK_Condition cause : null
2024-09-21 13:58:27,489 [WARN] PackLoader:238 - Cannot read IP mode file for STMicroelectronics.X-CUBE-AZRTOS-WL.2.0.0
2024-09-21 13:58:27,493 [WARN] PackLoader:238 - Cannot read IP mode file for wolfSSL.I-CUBE-wolfMQTT.1.19.0
2024-09-21 13:58:27,504 [WARN] PackLoader:238 - Cannot read IP mode file for WES.I-CUBE-Cesium.1.3.0
2024-09-21 13:58:27,511 [ERROR] Engine:463 - C:\Users\PC\.stm32cubemx\thirdparties\pdsc\STMicroelectronics.X-CUBE-TCPP.4.1.0.pdsc: PDSC version is not supported
2024-09-21 13:58:27,532 [WARN] PackLoader:238 - Cannot read IP mode file for STMicroelectronics.X-CUBE-AZRTOS-G0.1.1.0
2024-09-21 13:58:27,545 [WARN] PackLoader:238 - Cannot read IP mode file for STMicroelectronics.X-CUBE-SAFEA1.1.2.2
2024-09-21 13:58:27,553 [ERROR] Engine:463 - C:\Users\PC\.stm32cubemx\thirdparties\pdsc\EmbeddedOffice.I-CUBE-FS-RTOS.1.0.1.pdsc: PDSC version is not supported
2024-09-21 13:58:27,560 [ERROR] Engine:463 - C:\Users\PC\.stm32cubemx\thirdparties\pdsc\RealThread.X-CUBE-RT-Thread_Nano.4.1.1.pdsc: PDSC version is not supported
2024-09-21 13:58:27,567 [WARN] PackLoader:238 - Cannot read IP mode file for wolfSSL.I-CUBE-wolfSSL.5.7.2
2024-09-21 13:58:27,575 [ERROR] Engine:463 - C:\Users\PC\.stm32cubemx\thirdparties\pdsc\ITTIA_DB.I-CUBE-ITTIADB.8.9.0.pdsc: PDSC version is not supported
2024-09-21 13:58:27,601 [WARN] PackLoader:238 - Cannot read IP mode file for SEGGER.I-CUBE-embOS.1.3.1
2024-09-21 13:58:27,647 [WARN] PackLoader:238 - Cannot read IP mode file for STMicroelectronics.X-CUBE-ALGOBUILD.1.4.0
2024-09-21 13:58:27,657 [WARN] PackLoader:238 - Cannot read IP mode file for STMicroelectronics.X-CUBE-GNSS1.6.0.0
2024-09-21 13:58:27,678 [WARN] PackLoader:238 - Cannot read IP mode file for STMicroelectronics.X-CUBE-AZRTOS-F4.1.1.0
2024-09-21 13:58:27,688 [WARN] PackLoader:238 - Cannot read IP mode file for STMicroelectronics.X-CUBE-ISPU.2.1.0
2024-09-21 13:58:27,708 [WARN] PackLoader:238 - Cannot read IP mode file for STMicroelectronics.X-CUBE-AZRTOS-L5.2.0.0
2024-09-21 13:58:27,721 [WARN] PackLoader:238 - Cannot read IP mode file for STMicroelectronics.X-CUBE-NFC7.1.0.1
2024-09-21 13:58:27,750 [WARN] ConditionMgr:437 - getConditionDescription Invalid condition id : LAN8742 Phy interface Condition cause : null
2024-09-21 13:58:27,750 [WARN] PackLoader:238 - Cannot read IP mode file for STMicroelectronics.X-CUBE-AZRTOS-L4.2.0.0
2024-09-21 13:58:27,751 [WARN] ConditionMgr:1038 - genDependencies : Invalid condition id : LAN8742 Phy interface Condition cause : null
2024-09-21 13:58:27,751 [WARN] ConditionMgr:1038 - genDependencies : Invalid condition id : LAN8742 Phy interface Condition cause : null
2024-09-21 13:58:27,752 [WARN] ConditionMgr:1038 - genDependencies : Invalid condition id : LAN8742 Phy interface Condition cause : null
2024-09-21 13:58:27,764 [WARN] PackLoader:238 - Cannot read IP mode file for STMicroelectronics.X-CUBE-SFXS2LP1.4.0.0
2024-09-21 13:58:27,788 [WARN] PackLoader:238 - Cannot read IP mode file for STMicroelectronics.X-CUBE-AZRTOS-H7.3.3.0
2024-09-21 13:58:27,810 [WARN] ConditionMgr:437 - getConditionDescription Invalid condition id : UX DEVICE CLASS RTOS Condition cause : null
2024-09-21 13:58:27,810 [WARN] ConditionMgr:437 - getConditionDescription Invalid condition id : UX DEVICE CLASS RTOS Condition cause : null
2024-09-21 13:58:27,811 [WARN] PackLoader:238 - Cannot read IP mode file for STMicroelectronics.X-CUBE-AZRTOS-WB.2.0.0
2024-09-21 13:58:27,812 [WARN] ConditionMgr:1038 - genDependencies : Invalid condition id : UX DEVICE CLASS RTOS Condition cause : null
2024-09-21 13:58:27,812 [WARN] ConditionMgr:1038 - genDependencies : Invalid condition id : UX DEVICE CLASS RTOS Condition cause : null
2024-09-21 13:58:27,812 [WARN] ConditionMgr:1038 - genDependencies : Invalid condition id : UX DEVICE CLASS RTOS Condition cause : null
2024-09-21 13:58:27,812 [WARN] ConditionMgr:1038 - genDependencies : Invalid condition id : UX DEVICE CLASS RTOS Condition cause : null
2024-09-21 13:58:27,812 [WARN] ConditionMgr:1038 - genDependencies : Invalid condition id : UX DEVICE CLASS RTOS Condition cause : null
2024-09-21 13:58:27,823 [WARN] PackLoader:238 - Cannot read IP mode file for STMicroelectronics.X-CUBE-GNSS1.7.0.0
2024-09-21 13:58:27,837 [WARN] PackLoader:238 - Cannot read IP mode file for STMicroelectronics.X-CUBE-SUBG2.5.0.0
2024-09-21 13:58:27,842 [ERROR] Engine:463 - C:\Users\PC\.stm32cubemx\thirdparties\pdsc\Cesanta.I-CUBE-Mongoose.7.13.0.pdsc: PDSC version is not supported
2024-09-21 13:58:27,861 [WARN] PackLoader:238 - Cannot read IP mode file for STMicroelectronics.X-CUBE-AZRTOS-G4.2.0.0
2024-09-21 13:58:27,873 [WARN] PackLoader:238 - Cannot read IP mode file for STMicroelectronics.X-CUBE-ISPU.2.0.0
2024-09-21 13:58:27,882 [WARN] PackLoader:238 - Cannot read IP mode file for STMicroelectronics.X-CUBE-TOUCHGFX.4.24.0
2024-09-21 13:58:27,892 [WARN] PackLoader:238 - Cannot read IP mode file for STMicroelectronics.X-CUBE-TOUCHGFX.4.24.1
2024-09-21 13:58:27,894 [WARN] PackLoader:238 - Cannot read IP mode file for wolfSSL.I-CUBE-wolfTPM.3.4.0
2024-09-21 13:58:27,904 [WARN] PackLoader:238 - Cannot read IP mode file for portGmbH.I-Cube-SoM-uGOAL.1.1.0
2024-09-21 13:58:27,925 [WARN] PackLoader:238 - Cannot read IP mode file for STMicroelectronics.X-CUBE-AZRTOS-H7RS.1.0.0
2024-09-21 13:58:27,936 [ERROR] Engine:463 - C:\Users\PC\.stm32cubemx\thirdparties\pdsc\STMicroelectronics.X-CUBE-TOF1.3.4.2.pdsc: PDSC version is not supported
2024-09-21 13:58:27,947 [ERROR] Engine:463 - C:\Users\PC\.stm32cubemx\thirdparties\pdsc\Infineon.AIROC-Wi-Fi-Bluetooth-STM32.1.6.1.pdsc: PDSC version is not supported
2024-09-21 13:58:27,950 [WARN] PackLoader:238 - Cannot read IP mode file for wolfSSL.I-CUBE-wolfSSH.1.4.17
2024-09-21 13:58:27,950 [INFO] ThirdParty:915 - Integrity check success = true
2024-09-21 13:58:27,950 [INFO] IntegrityCheckThread:94 - exiting critical section [integrity check]
2024-09-21 13:58:27,950 [INFO] IntegrityCheckThread:97 - End integrity checks thread
2024-09-21 13:58:28,060 [INFO] ApiDb:251 - Load user favorites file C:\Users\PC/.stm32cubeide/favorites.boards.txt: 0 item(s)
2024-09-21 13:58:28,060 [INFO] ApiDb:255 - User favorites Boards=[]
2024-09-21 13:58:28,060 [INFO] DbBoards:206 - Set 0 / 0 favorites Boards
2024-09-21 13:58:28,062 [INFO] DbBoardsDocs:79 - Found 418 boards documents
2024-09-21 13:58:28,062 [INFO] ApiDb:276 - Save user favorites file C:\Users\PC/.stm32cubeide/favorites.boards.txt: 0 item(s)
2024-09-21 13:58:28,062 [INFO] ApiDb:280 - User favorites Boards=[]
2024-09-21 13:58:28,064 [INFO] DbBoardsPdsc:90 - Found 25 items
2024-09-21 13:58:28,065 [INFO] DbBoardsPdsc:90 - Found 9 items
2024-09-21 13:58:28,067 [INFO] DbBoardsPdsc:90 - Found 33 items
2024-09-21 13:58:28,067 [INFO] DbBoardsPdsc:90 - Found 1 items
2024-09-21 13:58:28,070 [INFO] DbBoardsPdsc:90 - Found 48 items
2024-09-21 13:58:28,073 [INFO] DbBoardsPdsc:90 - Found 43 items
2024-09-21 13:58:28,074 [INFO] DbBoardsPdsc:90 - Found 2 items
2024-09-21 13:58:28,075 [INFO] DbBoardsPdsc:90 - Found 5 items
2024-09-21 13:58:28,076 [WARN] DbBoardsPdsc:254 - Board STM32H7B3I-DK: unknown feature type=Audio, name=, username=Audio stereo codec with Headphone Amp (CS42L51-CNZ), n=1
2024-09-21 13:58:28,076 [WARN] DbBoardsPdsc:254 - Board STM32H735G-DK: unknown feature type=Audio, name=, username=Audio stereo codec with Headphone Amp (WM8994ECS/R), n=1
2024-09-21 13:58:28,077 [WARN] DbBoardsPdsc:254 - Board STM32H7B3I-EVAL: unknown feature type=Audio, name=, username=Multi-Channel Audio Codec (CS42L51-CNZ), n=1
2024-09-21 13:58:28,077 [WARN] DbBoardsPdsc:254 - Board STM32H7B3I-EVAL: unknown feature type=Meter, name=, username=Power-metering and Temperature-monitoring with sigma-delta modulators, n=1
2024-09-21 13:58:28,077 [WARN] DbBoardsPdsc:254 - Board STM32H7B3I-EVAL: unknown feature type=Motor, name=, username=Motor Control, n=1
2024-09-21 13:58:28,078 [WARN] DbBoardsPdsc:254 - Board STM32U575I-EV: unknown feature type=joystick, name=, username=4-direction joystick with selection button, n=1
2024-09-21 13:58:28,087 [INFO] DbBoardsJson:86 - JSON generation date=Tue Nov 16 23:17:54 ICT 2021 (1637079474)
2024-09-21 13:58:28,090 [INFO] DbBoards:117 - Found 167 boards (163 are supported by CubeMX)
2024-09-21 13:58:28,091 [WARN] DbBoards:127 - board B-L475E-IOT01A2 has no document id list !
2024-09-21 13:58:28,091 [WARN] DbBoards:127 - board NUCLEO-H743ZI has no document id list !
2024-09-21 13:58:28,092 [WARN] DbBoards:127 - board NUCLEO-WL55JC2 has no document id list !
2024-09-21 13:58:28,092 [WARN] DbBoards:127 - board P-NUCLEO-WB55-Nucleo has no document id list !
2024-09-21 13:58:28,092 [WARN] DbBoards:127 - board P-NUCLEO-WB55-USBDongle has no document id list !
2024-09-21 13:58:28,092 [WARN] DbBoards:127 - board STEVAL-BFA001V1B has no document id list !
2024-09-21 13:58:28,092 [WARN] DbBoards:127 - board STEVAL-BFA001V2B has no document id list !
2024-09-21 13:58:28,092 [WARN] DbBoards:127 - board STEVAL-IDP005V1 has no document id list !
2024-09-21 13:58:28,092 [WARN] DbBoards:127 - board STEVAL-IDP005V2 has no document id list !
2024-09-21 13:58:28,092 [WARN] DbBoards:127 - board STEVAL-MKSBOX1V1 has no document id list !
2024-09-21 13:58:28,092 [WARN] DbBoards:127 - board STEVAL-STWINKT1 has no document id list !
2024-09-21 13:58:28,092 [WARN] DbBoards:127 - board STEVAL-STWINKT1B has no document id list !
2024-09-21 13:58:28,092 [WARN] DbBoards:127 - board STM32439I-EVAL2 has no document id list !
2024-09-21 13:58:28,092 [WARN] DbBoards:127 - board STM32F401C-DISCO has no document id list !
2024-09-21 13:58:28,092 [WARN] DbBoards:127 - board STM32F769I-DISC1 has no document id list !
2024-09-21 13:58:28,092 [WARN] DbBoards:127 - board STM32G474E-EVAL1 has no document id list !
2024-09-21 13:58:28,092 [WARN] DbBoards:127 - board STM32H743I-EVAL2 has no document id list !
2024-09-21 13:58:28,092 [WARN] DbBoards:127 - board STM32H747I-DISC1 has no document id list !
2024-09-21 13:58:28,092 [WARN] DbBoards:127 - board STM32H753I-EVAL2 has no document id list !
2024-09-21 13:58:28,092 [WARN] DbBoards:127 - board STM32L-DISCOVERY has no document id list !
2024-09-21 13:58:28,138 [ERROR] DbBoards:189 - Image file not found for board B-U585I-IOT02A: C:\ST\STM32CubeIDE_1.7.0\STM32CubeIDE\plugins\com.st.stm32cube.common.mx_6.3.0.202107141111\\db\/plugins/mcufinder/images/boards/B-U585I-IOT02A_small.jpg
2024-09-21 13:58:28,183 [ERROR] DbBoards:189 - Image file not found for board NUCLEO-F413ZH: C:\ST\STM32CubeIDE_1.7.0\STM32CubeIDE\plugins\com.st.stm32cube.common.mx_6.3.0.202107141111\\db\/plugins/mcufinder/images/boards/nucleo-f413zh_small.jpg
2024-09-21 13:58:28,286 [ERROR] DbBoards:189 - Image file not found for board NUCLEO-L552ZE-Q: C:\ST\STM32CubeIDE_1.7.0\STM32CubeIDE\plugins\com.st.stm32cube.common.mx_6.3.0.202107141111\\db\/plugins/mcufinder/images/boards/nucleo_l552ze_q_small.jpg
2024-09-21 13:58:28,286 [ERROR] DbBoards:189 - Image file not found for board NUCLEO-U575ZI-Q: C:\ST\STM32CubeIDE_1.7.0\STM32CubeIDE\plugins\com.st.stm32cube.common.mx_6.3.0.202107141111\\db\/plugins/mcufinder/images/boards/nucleo-u575zi-q_small.jpg
2024-09-21 13:58:28,286 [ERROR] DbBoards:189 - Image file not found for board NUCLEO-WB15CC: C:\ST\STM32CubeIDE_1.7.0\STM32CubeIDE\plugins\com.st.stm32cube.common.mx_6.3.0.202107141111\\db\/plugins/mcufinder/images/boards/nucleo-wb15cc_small.jpg
2024-09-21 13:58:28,286 [ERROR] DbBoards:189 - Image file not found for board NUCLEO-WB55RG: C:\ST\STM32CubeIDE_1.7.0\STM32CubeIDE\plugins\com.st.stm32cube.common.mx_6.3.0.202107141111\\db\/plugins/mcufinder/images/boards/nucleo-wb55rg_small.jpg
2024-09-21 13:58:28,703 [INFO] ApiDb:251 - Load user favorites file C:\Users\PC/.stm32cubeide/favorites.boards.txt: 0 item(s)
2024-09-21 13:58:28,703 [INFO] ApiDb:255 - User favorites Boards=[]
2024-09-21 13:58:28,704 [INFO] DbBoards:206 - Set 0 / 0 favorites Boards
2024-09-21 13:58:28,709 [INFO] LoadUrlFilesThread:172 - End of LoadServerUrlFiles without Thread
2024-09-21 13:58:28,710 [INFO] TargetSelectorAdapter:224 - Refresh data is successful
2024-09-21 13:58:28,778 [INFO] ApiDb:479 - Connected to CubeFinder SQLite database (C:\Users\PC\.stmcufinder\plugins\mcufinder\mcu\cube-finder-db.db)
2024-09-21 13:58:29,195 [ERROR] DbExamplesSqlite:446 - Missing JSON key: board_cpn
2024-09-21 13:58:29,195 [ERROR] DbExamplesSqlite:446 - Missing JSON key: board_cpn
2024-09-21 13:58:29,195 [ERROR] DbExamplesSqlite:446 - Missing JSON key: board_cpn
2024-09-21 13:58:29,196 [ERROR] DbExamplesSqlite:446 - Missing JSON key: board_cpn
2024-09-21 13:58:29,259 [ERROR] DbExamplesSqlite:446 - Missing JSON key: board_cpn
2024-09-21 13:58:29,259 [ERROR] DbExamplesSqlite:446 - Missing JSON key: board_cpn
2024-09-21 13:58:29,259 [ERROR] DbExamplesSqlite:446 - Missing JSON key: board_cpn
2024-09-21 13:58:29,259 [ERROR] DbExamplesSqlite:446 - Missing JSON key: board_cpn
2024-09-21 13:58:29,259 [ERROR] DbExamplesSqlite:446 - Missing JSON key: board_cpn
2024-09-21 13:58:29,260 [ERROR] DbExamplesSqlite:446 - Missing JSON key: board_cpn
2024-09-21 13:58:29,260 [ERROR] DbExamplesSqlite:446 - Missing JSON key: board_cpn
2024-09-21 13:58:29,260 [ERROR] DbExamplesSqlite:446 - Missing JSON key: board_cpn
2024-09-21 13:58:29,260 [ERROR] DbExamplesSqlite:446 - Missing JSON key: board_cpn
2024-09-21 13:58:29,261 [INFO] DbExamplesSqlite:411 - Ignored 28 examples not supported by CubeIDE
2024-09-21 13:58:29,261 [INFO] DbExamplesSqlite:412 - Found 8614 examples active
2024-09-21 13:58:29,261 [INFO] DbExamplesSqlite:413 - Found 0 examples obsolete
2024-09-21 13:58:29,261 [INFO] DbExamplesSqlite:414 - Found 0 examples under development
2024-09-21 13:58:29,261 [INFO] DbExamplesSqlite:415 - Found 10 examples not building
2024-09-21 13:58:29,297 [INFO] DbExamplesSqlite:108 - CubeFinder database Data Model version=2.1
2024-09-21 13:58:29,297 [INFO] DbExamplesSqlite:109 - CubeFinder database Configuration version=3.0.39
2024-09-21 13:58:29,297 [INFO] DbExamplesSqlite:110 - CubeFinder database generation date=2024-09-16 (1726485674)
2024-09-21 13:58:29,297 [INFO] DbExamplesSqlite:111 - CubeFinder database FW Pack versions=[FP-ATR-ASTRA1_V2.0.0, FP-SNS-FLIGHT1_V5.0.2, FP-SNS-MOTENV1_V5.0.0, FP-SNS-MOTENVWB1_V1.4.0, FP-SNS-SMARTAG2_V1.2.0, FP-SNS-STBOX1_V2.0.0, STM32Cube_FW_C0_V1.2.0, STM32Cube_FW_F4_V1.28.1, STM32Cube_FW_F7_V1.17.2, STM32Cube_FW_G0_V1.6.2, STM32Cube_FW_G4_V1.6.0, STM32Cube_FW_H5_V1.3.0, STM32Cube_FW_H7RS_V1.1.0, STM32Cube_FW_H7_V1.11.2, STM32Cube_FW_L0_V1.12.2, STM32Cube_FW_L5_V1.5.1, STM32Cube_FW_U0_V1.1.0, STM32Cube_FW_U5_V1.6.0, STM32Cube_FW_WB0_V1.0.0, STM32Cube_FW_WBA_V1.4.1, STM32Cube_FW_WB_V1.20.0, STM32Cube_FW_WL_V1.3.0, X-CUBE-ALGOBUILD_V1.4.0, X-CUBE-ALS_V1.0.2, X-CUBE-AZRTOS-F4_V1.1.0, X-CUBE-AZRTOS-F7_V1.1.0, X-CUBE-AZRTOS-G0_V1.1.0, X-CUBE-AZRTOS-G4_V2.0.0, X-CUBE-AZRTOS-H7RS_V1.0.0, X-CUBE-AZRTOS-H7_V3.2.0, X-CUBE-AZRTOS-L4_V2.0.0, X-CUBE-AZRTOS-L5_V2.0.0, X-CUBE-AZRTOS-WB_V2.0.0, X-CUBE-AZRTOS-WL_V2.0.0, X-CUBE-BLE1_V7.0.0, X-CUBE-BLE2_V3.3.0, X-CUBE-BLEMGR_V3.1.0, X-CUBE-EEPRMA1_V5.1.0, X-CUBE-FREERTOS_V1.2.0, X-CUBE-GNSS1_V6.0.0, X-CUBE-MEMS1_V11.0.0, X-CUBE-NFC4_V3.0.0, X-CUBE-NFC7_V1.0.1, X-CUBE-SFXS2LP1_V4.0.0, X-CUBE-SUBG2_V5.0.0, X-CUBE-TOF1_V3.4.2]
2024-09-21 13:58:29,298 [INFO] DbExamples:130 - Found 8596 examples
2024-09-21 13:58:29,751 [ERROR] DbExamples:206 - Found 8596 examples with invalid data (board or MCU)
2024-09-21 13:58:29,751 [INFO] DbExamples:222 - Found 80 boards with related examples
2024-09-21 13:58:29,751 [INFO] DbExamples:235 - Found 0 MCUs with related examples
2024-09-21 13:58:29,766 [INFO] ApiDb:242 - User favorites file not found: C:\Users\PC/.stm32cubeide/favorites.examples.txt
2024-09-21 13:58:29,766 [INFO] DbExamples:256 - Set 0 / 0 favorites Examples
2024-09-21 13:58:29,974 [INFO] McuFinderGlobals:52 - Set McuFinderConnectedMode to false
2024-09-21 13:58:30,034 [INFO] CrossSelectorPresenter:1330 - Cross Selector saved comparison directory: C:\Users\PC\.stmcufinder\plugins\mcufinder\mcu\cs_comparisons_mx
2024-09-21 13:58:30,038 [INFO] MultiScanPanel:197 - Auto-refresh data requested => check proxy status ongoing
2024-09-21 13:58:30,039 [INFO] MultiScanPanel:201 - Proxy status is invalid
2024-09-21 13:58:30,041 [INFO] FinderPluginLoader:87 - Searching for filters in installed packs
2024-09-21 13:58:30,372 [INFO] DetailPanel:309 - Set advertising image to C:/Users/PC/STM32Cube/Repository/\en.prom-stm32c071-usb-memories-mcu-finder.png
2024-09-21 13:58:54,881 [INFO] MainUpdater:2671 - connection check result : 10
2024-09-21 13:58:54,881 [INFO] MainUpdater:2671 - connection check result : 10
2024-09-21 13:58:54,915 [INFO] MicroXplorer:448 - Change Database Path : 
2024-09-21 13:58:54,915 [INFO] MicroXplorer:478 - Change Database Version : DB.6.0.30
2024-09-21 13:58:54,915 [WARN] ThirdParty:813 - waiting for thirdparty lock release [close project]
2024-09-21 13:58:54,915 [INFO] ThirdParty:815 - entering critical section [close project]
2024-09-21 13:58:54,916 [INFO] ThirdParty:825 - exiting critical section [close project]
2024-09-21 13:58:54,917 [INFO] PinOutPanel:1463 - setPackage(No Configuration,No Configuration)
2024-09-21 13:58:54,918 [INFO] UtilMem:74 - Begin LoadConfig() Used Memory: 701028928 Bytes (871366656)
2024-09-21 13:58:54,918 [INFO] MicroXplorer:448 - Change Database Path : 
2024-09-21 13:58:54,919 [INFO] MicroXplorer:478 - Change Database Version : DB.6.0.30
2024-09-21 13:58:54,919 [INFO] OpenFileManager:313 - Change cursor
2024-09-21 13:58:55,448 [INFO] Context:592 - Trying to add GPIOservice into a context  which must be forbidden
2024-09-21 13:58:55,574 [INFO] ImportTextPane:167 - (OptionalMessage_ERROR) Unable to find key (Mcu.ThirdPartyNb) in loaded IOC file
2024-09-21 13:58:55,575 [INFO] ImportTextPane:167 - (OptionalMessage_ERROR) Unable to find key (Mcu.PinsNb) in loaded IOC file
2024-09-21 13:58:55,575 [INFO] ImportTextPane:167 - (OptionalMessage_ERROR) Unable to find key (Mcu.IPNb) in loaded IOC file
2024-09-21 13:58:55,607 [WARN] ApiManager:304 - Cannot register API 'Board Extension:GNSS1A1' from pack STMicroelectronics.X-CUBE-GNSS1.6.0.0: no header file found
2024-09-21 13:58:55,608 [WARN] ApiManager:304 - Cannot register API 'Board Support:Custom' from pack STMicroelectronics.X-CUBE-GNSS1.6.0.0: no header file found
2024-09-21 13:58:55,608 [WARN] ApiManager:304 - Cannot register API 'Data Exchange:lib_gnss' from pack STMicroelectronics.X-CUBE-GNSS1.6.0.0: no header file found
2024-09-21 13:58:55,613 [WARN] ModelIntegratedComponent:60 - No mode defined for component null
2024-09-21 13:58:55,613 [WARN] ModelIntegratedComponent:60 - No mode defined for component null
2024-09-21 13:58:55,613 [WARN] ModelIntegratedComponent:60 - No mode defined for component null
2024-09-21 13:58:55,613 [WARN] ModelIntegratedComponent:60 - No mode defined for component null
2024-09-21 13:58:55,613 [WARN] ModelIntegratedComponent:60 - No mode defined for component null
2024-09-21 13:58:55,613 [WARN] ModelIntegratedComponent:60 - No mode defined for component null
2024-09-21 13:58:55,613 [WARN] ModelIntegratedComponent:60 - No mode defined for component null
2024-09-21 13:58:55,613 [WARN] ModelIntegratedComponent:60 - No mode defined for component null
2024-09-21 13:58:55,613 [WARN] ModelIntegratedComponent:60 - No mode defined for component null
2024-09-21 13:58:55,613 [WARN] ModelIntegratedComponent:60 - No mode defined for component null
2024-09-21 13:58:55,613 [WARN] ModelIntegratedComponent:60 - No mode defined for component null
2024-09-21 13:58:55,613 [WARN] ModelIntegratedComponent:60 - No mode defined for component null
2024-09-21 13:58:55,613 [WARN] ModelIntegratedComponent:60 - No mode defined for component null
2024-09-21 13:58:55,613 [WARN] ModelIntegratedComponent:60 - No mode defined for component null
2024-09-21 13:58:55,613 [WARN] ModelIntegratedComponent:60 - No mode defined for component null
2024-09-21 13:58:55,613 [WARN] ModelIntegratedComponent:60 - No mode defined for component null
2024-09-21 13:58:55,613 [WARN] ModelIntegratedComponent:60 - No mode defined for component null
2024-09-21 13:58:55,614 [WARN] ModelIntegratedComponent:60 - No mode defined for component null
2024-09-21 13:58:55,614 [WARN] ModelIntegratedComponent:60 - No mode defined for component null
2024-09-21 13:58:55,614 [WARN] ModelIntegratedComponent:60 - No mode defined for component null
2024-09-21 13:58:55,614 [WARN] ModelIntegratedComponent:60 - No mode defined for component null
2024-09-21 13:58:55,614 [WARN] ModelIntegratedComponent:60 - No mode defined for component null
2024-09-21 13:58:55,614 [WARN] ModelIntegratedComponent:60 - No mode defined for component null
2024-09-21 13:58:55,614 [WARN] ModelIntegratedComponent:60 - No mode defined for component null
2024-09-21 13:58:55,614 [WARN] ModelIntegratedComponent:60 - No mode defined for component null
2024-09-21 13:58:55,614 [WARN] ModelIntegratedComponent:60 - No mode defined for component null
2024-09-21 13:58:55,614 [WARN] ModelIntegratedComponent:60 - No mode defined for component null
2024-09-21 13:58:55,614 [WARN] ModelIntegratedComponent:60 - No mode defined for component null
2024-09-21 13:58:55,615 [WARN] ModelIntegratedComponent:60 - No mode defined for component null
2024-09-21 13:58:55,615 [WARN] ModelIntegratedComponent:60 - No mode defined for component null
2024-09-21 13:58:55,615 [WARN] ModelIntegratedComponent:60 - No mode defined for component null
2024-09-21 13:58:55,617 [WARN] ApiManager:304 - Cannot register API 'Board Extension:NFC07A1' from pack STMicroelectronics.X-CUBE-NFC7.1.0.1: no header file found
2024-09-21 13:58:55,618 [WARN] ApiManager:304 - Cannot register API 'Board Extension:GNSS1A1' from pack STMicroelectronics.X-CUBE-GNSS1.7.0.0: no header file found
2024-09-21 13:58:55,618 [WARN] ApiManager:304 - Cannot register API 'Board Support:Custom' from pack STMicroelectronics.X-CUBE-GNSS1.7.0.0: no header file found
2024-09-21 13:58:55,619 [WARN] ApiManager:304 - Cannot register API 'Data Exchange:lib_gnss' from pack STMicroelectronics.X-CUBE-GNSS1.7.0.0: no header file found
2024-09-21 13:58:55,629 [INFO] RtosManager:484 - Registered RTOS mode: class=CMSIS, group=RTOS, mode=CMSIS_V1, owner=FREERTOS
2024-09-21 13:58:55,630 [INFO] RtosManager:484 - Registered RTOS mode: class=CMSIS, group=RTOS2, mode=CMSIS_V2, owner=FREERTOS
2024-09-21 13:58:55,630 [INFO] RtosManager:484 - Registered RTOS mode: class=RTOS, group=Core, mode=CMSIS_V1, owner=FREERTOS
2024-09-21 13:58:55,630 [INFO] RtosManager:484 - Registered RTOS mode: class=RTOS, group=Core, mode=CMSIS_V2, owner=FREERTOS
2024-09-21 13:58:55,630 [WARN] ModelIntegratedComponent:181 - Missing modes for component STMicroelectronics:FreeRTOS:0.0.1:STMicroelectronics:RTOS:FreeRTOS:Core:::10.2.0:
2024-09-21 13:58:55,631 [WARN] ApiManager:304 - Cannot register API 'Board Extension:STSAFEA1' from pack STMicroelectronics.X-CUBE-SAFEA1.1.2.2: no header file found
2024-09-21 13:58:55,631 [WARN] ApiManager:304 - Cannot register API 'Board Part:STSAFEA110' from pack STMicroelectronics.X-CUBE-SAFEA1.1.2.2: no header file found
2024-09-21 13:58:55,631 [WARN] ApiManager:304 - Cannot register API 'Security:ST_Cryptolib' from pack STMicroelectronics.X-CUBE-SAFEA1.1.2.2: no header file found
2024-09-21 13:58:55,631 [WARN] ApiManager:304 - Cannot register API 'Security:MbedTLS' from pack STMicroelectronics.X-CUBE-SAFEA1.1.2.2: no header file found
2024-09-21 13:58:55,633 [WARN] ApiManager:304 - Cannot register API 'Board Extension:S2868A1' from pack STMicroelectronics.X-CUBE-SUBG2.5.0.0: no header file found
2024-09-21 13:58:55,633 [WARN] ApiManager:304 - Cannot register API 'Board Extension:S2868A2' from pack STMicroelectronics.X-CUBE-SUBG2.5.0.0: no header file found
2024-09-21 13:58:55,633 [WARN] ApiManager:304 - Cannot register API 'Board Extension:S2915A1' from pack STMicroelectronics.X-CUBE-SUBG2.5.0.0: no header file found
2024-09-21 13:58:55,636 [WARN] ApiManager:304 - Cannot register API 'Board Extension:S2868A1' from pack STMicroelectronics.X-CUBE-SFXS2LP1.4.0.0: no header file found
2024-09-21 13:58:55,636 [WARN] ApiManager:304 - Cannot register API 'Board Extension:S2868A2' from pack STMicroelectronics.X-CUBE-SFXS2LP1.4.0.0: no header file found
2024-09-21 13:58:55,636 [WARN] ApiManager:304 - Cannot register API 'Board Extension:S2915A1' from pack STMicroelectronics.X-CUBE-SFXS2LP1.4.0.0: no header file found
2024-09-21 13:58:55,958 [INFO] UtilMem:74 - End LoadConfig() Used Memory: 697867840 Bytes (871366656)
2024-09-21 13:58:55,967 [WARN] ThirdParty:779 - waiting for thirdparty lock release [change project]
2024-09-21 13:58:55,967 [INFO] ThirdParty:781 - entering critical section [change project]
2024-09-21 13:58:55,967 [INFO] ThirdParty:967 - CMSIS Pack Vendor :STMicroelectronics X-CUBE-AZRTOS-H7 3.3.0
2024-09-21 13:58:55,967 [INFO] ThirdParty:967 - CMSIS Pack Vendor :STMicroelectronics X-CUBE-GNSS1 6.0.0
2024-09-21 13:58:55,967 [INFO] ThirdParty:967 - CMSIS Pack Vendor :STMicroelectronics USB_HOST 2.0.0
2024-09-21 13:58:55,967 [INFO] ThirdParty:967 - CMSIS Pack Vendor :STMicroelectronics X-CUBE-AZRTOS-F4 1.1.0
2024-09-21 13:58:55,967 [INFO] ThirdParty:967 - CMSIS Pack Vendor :wolfSSL I-CUBE-wolfSSL 5.7.2
2024-09-21 13:58:55,967 [INFO] ThirdParty:967 - CMSIS Pack Vendor :STMicroelectronics X-CUBE-ISPU 2.0.0
2024-09-21 13:58:55,967 [INFO] ThirdParty:967 - CMSIS Pack Vendor :STMicroelectronics USB_DEVICE 3.0.0
2024-09-21 13:58:55,967 [INFO] ThirdParty:967 - CMSIS Pack Vendor :STMicroelectronics X-CUBE-ISPU 2.1.0
2024-09-21 13:58:55,967 [INFO] ThirdParty:967 - CMSIS Pack Vendor :STMicroelectronics HAL Drivers 0.0.0
2024-09-21 13:58:55,967 [INFO] ThirdParty:967 - CMSIS Pack Vendor :STMicroelectronics MBEDTLS 2.16.2
2024-09-21 13:58:55,967 [INFO] ThirdParty:967 - CMSIS Pack Vendor :STMicroelectronics X-CUBE-AZRTOS-WB 2.0.0
2024-09-21 13:58:55,968 [INFO] ThirdParty:967 - CMSIS Pack Vendor :STMicroelectronics X-CUBE-NFC7 1.0.1
2024-09-21 13:58:55,968 [INFO] ThirdParty:967 - CMSIS Pack Vendor :STMicroelectronics X-CUBE-GNSS1 7.0.0
2024-09-21 13:58:55,968 [INFO] ThirdParty:967 - CMSIS Pack Vendor :STMicroelectronics MBEDTLS 2.14.1
2024-09-21 13:58:55,968 [INFO] ThirdParty:967 - CMSIS Pack Vendor :STMicroelectronics X-CUBE-TOUCHGFX 4.24.0
2024-09-21 13:58:55,968 [INFO] ThirdParty:967 - CMSIS Pack Vendor :STMicroelectronics X-CUBE-AZRTOS-F7 1.1.0
2024-09-21 13:58:55,968 [INFO] ThirdParty:967 - CMSIS Pack Vendor :STMicroelectronics X-CUBE-AZRTOS-L5 2.0.0
2024-09-21 13:58:55,968 [INFO] ThirdParty:967 - CMSIS Pack Vendor :STMicroelectronics X-CUBE-TOUCHGFX 4.24.1
2024-09-21 13:58:55,968 [INFO] ThirdParty:967 - CMSIS Pack Vendor :wolfSSL I-CUBE-wolfTPM 3.4.0
2024-09-21 13:58:55,968 [INFO] ThirdParty:967 - CMSIS Pack Vendor :portGmbH I-Cube-SoM-uGOAL 1.1.0
2024-09-21 13:58:55,968 [INFO] ThirdParty:967 - CMSIS Pack Vendor :STMicroelectronics USB_DEVICE 2.0.0
2024-09-21 13:58:55,968 [INFO] ThirdParty:967 - CMSIS Pack Vendor :STMicroelectronics X-CUBE-AZRTOS-WL 2.0.0
2024-09-21 13:58:55,968 [INFO] ThirdParty:967 - CMSIS Pack Vendor :SEGGER I-CUBE-embOS 1.3.1
2024-09-21 13:58:55,968 [INFO] ThirdParty:967 - CMSIS Pack Vendor :STMicroelectronics X-CUBE-ALGOBUILD 1.4.0
2024-09-21 13:58:55,968 [INFO] ThirdParty:967 - CMSIS Pack Vendor :STMicroelectronics FreeRTOS 0.0.1
2024-09-21 13:58:55,968 [INFO] ThirdParty:967 - CMSIS Pack Vendor :STMicroelectronics X-CUBE-AZRTOS-G0 1.1.0
2024-09-21 13:58:55,968 [INFO] ThirdParty:967 - CMSIS Pack Vendor :STMicroelectronics USB_DEVICE 1.0.0
2024-09-21 13:58:55,968 [INFO] ThirdParty:967 - CMSIS Pack Vendor :STMicroelectronics X-CUBE-SAFEA1 1.2.2
2024-09-21 13:58:55,968 [INFO] ThirdParty:967 - CMSIS Pack Vendor :STMicroelectronics X-CUBE-SUBG2 5.0.0
2024-09-21 13:58:55,968 [INFO] ThirdParty:967 - CMSIS Pack Vendor :STMicroelectronics X-CUBE-AZRTOS-H7RS 1.0.0
2024-09-21 13:58:55,968 [INFO] ThirdParty:967 - CMSIS Pack Vendor :wolfSSL I-CUBE-wolfMQTT 1.19.0
2024-09-21 13:58:55,968 [INFO] ThirdParty:967 - CMSIS Pack Vendor :STMicroelectronics X-CUBE-AZRTOS-L4 2.0.0
2024-09-21 13:58:55,968 [INFO] ThirdParty:967 - CMSIS Pack Vendor :STMicroelectronics ThreadX 0.0.2
2024-09-21 13:58:55,968 [INFO] ThirdParty:967 - CMSIS Pack Vendor :WES I-CUBE-Cesium 1.3.0
2024-09-21 13:58:55,968 [INFO] ThirdParty:967 - CMSIS Pack Vendor :STMicroelectronics lwIP 2.0.3
2024-09-21 13:58:55,968 [INFO] ThirdParty:967 - CMSIS Pack Vendor :STMicroelectronics lwIP 2.1.2
2024-09-21 13:58:55,968 [INFO] ThirdParty:967 - CMSIS Pack Vendor :STMicroelectronics X-CUBE-SFXS2LP1 4.0.0
2024-09-21 13:58:55,968 [INFO] ThirdParty:967 - CMSIS Pack Vendor :STMicroelectronics USB_HOST 1.0.0
2024-09-21 13:58:55,968 [INFO] ThirdParty:967 - CMSIS Pack Vendor :STMicroelectronics X-CUBE-AZRTOS-G4 2.0.0
2024-09-21 13:58:55,968 [INFO] ThirdParty:967 - CMSIS Pack Vendor :STMicroelectronics PDM2PCM 3.1.0
2024-09-21 13:58:55,968 [INFO] ThirdParty:967 - CMSIS Pack Vendor :STMicroelectronics PDM2PCM 3.2.0
2024-09-21 13:58:55,968 [INFO] ThirdParty:967 - CMSIS Pack Vendor :wolfSSL I-CUBE-wolfSSH 1.4.17
2024-09-21 13:58:55,968 [INFO] ThirdParty:967 - CMSIS Pack Vendor :STMicroelectronics PDM2PCM 3.3.0
2024-09-21 13:58:55,968 [INFO] ThirdParty:787 - exiting critical section [change project]
2024-09-21 13:58:56,111 [INFO] PinOutPanel:1463 - setPackage(No Configuration,No Configuration)
2024-09-21 13:58:56,111 [INFO] PinOutPanel:1463 - setPackage(STM32F103C6Ux,UFQFPN48)
2024-09-21 13:58:56,315 [INFO] UtilMem:74 - Before build in PCC Used Memory: 670867760 Bytes (871366656)
2024-09-21 13:58:56,677 [INFO] UtilMem:74 - After build in PCC Used Memory: 749510960 Bytes (871366656)
2024-09-21 13:58:56,697 [INFO] IPUIPlugin:74 - create IPUIPlugin
2024-09-21 13:58:56,697 [INFO] IPUIPlugin:74 - create IPUIPlugin
2024-09-21 13:58:56,697 [INFO] IPUIPlugin:74 - create IPUIPlugin
2024-09-21 13:58:56,697 [INFO] IPUIPlugin:74 - create IPUIPlugin
2024-09-21 13:58:56,697 [INFO] IPUIPlugin:74 - create IPUIPlugin
2024-09-21 13:58:56,697 [INFO] IPUIPlugin:74 - create IPUIPlugin
2024-09-21 13:58:56,698 [INFO] IPUIPlugin:74 - create IPUIPlugin
2024-09-21 13:58:56,698 [INFO] IPUIPlugin:74 - create IPUIPlugin
2024-09-21 13:58:56,698 [INFO] IPUIPlugin:74 - create IPUIPlugin
2024-09-21 13:58:56,698 [INFO] IPUIPlugin:74 - create IPUIPlugin
2024-09-21 13:58:56,698 [INFO] IPUIPlugin:74 - create IPUIPlugin
2024-09-21 13:58:56,698 [INFO] IPUIPlugin:74 - create IPUIPlugin
2024-09-21 13:58:56,698 [INFO] IPUIPlugin:74 - create IPUIPlugin
2024-09-21 13:58:56,698 [INFO] IPUIPlugin:74 - create IPUIPlugin
2024-09-21 13:58:56,698 [INFO] IPUIPlugin:74 - create IPUIPlugin
2024-09-21 13:58:56,698 [INFO] IPUIPlugin:74 - create IPUIPlugin
2024-09-21 13:58:56,699 [INFO] IPUIPlugin:74 - create IPUIPlugin
2024-09-21 13:58:56,699 [INFO] IPUIPlugin:74 - create IPUIPlugin
2024-09-21 13:58:56,699 [INFO] IPUIPlugin:74 - create IPUIPlugin
2024-09-21 13:58:56,699 [INFO] IPUIPlugin:74 - create IPUIPlugin
2024-09-21 13:58:56,699 [INFO] IPUIPlugin:74 - create IPUIPlugin
2024-09-21 13:58:56,699 [INFO] IPUIPlugin:74 - create IPUIPlugin
2024-09-21 13:58:56,700 [INFO] IPUIPlugin:74 - create IPUIPlugin
2024-09-21 13:58:56,768 [INFO] OpenFileManager:333 - Restore cursor
2024-09-21 13:58:56,920 [INFO] UtilMem:74 - End SaveConfig() Used Memory: 693106264 Bytes (871366656)
2024-09-21 13:58:56,939 [INFO] UtilMem:74 - End SaveConfig() Used Memory: 705166936 Bytes (871366656)
2024-09-21 13:58:57,102 [INFO] BlockDiagram:2740 - set Specific Code input for plugin: NVIC
2024-09-21 13:58:57,102 [INFO] BlockDiagram:2740 - set Specific Code input for plugin: SYS
2024-09-21 13:58:57,103 [INFO] BlockDiagram:2740 - set Specific Code input for plugin: RCC
2024-09-21 13:58:57,103 [INFO] CodeGenerator:663 - code generatio: config db path: C:\ST\STM32CubeIDE_1.7.0\STM32CubeIDE\plugins\com.st.stm32cube.common.mx_6.3.0.202107141111\\db\
2024-09-21 13:58:57,282 [INFO] CodeEngine:239 - oldGeneratedFile, D:\VXL_2\Exercise\MXTmpFiles\license.tmp_save
2024-09-21 13:58:57,487 [INFO] CodeEngine:257 - Generated code: D:\VXL_2\Exercise\MXTmpFiles\license.tmp
2024-09-21 13:58:57,564 [INFO] CodeEngine:239 - oldGeneratedFile, D:\VXL_2\Exercise\Core\Src\stm32f1xx_it.c_save
2024-09-21 13:58:57,637 [INFO] CodeEngine:257 - Generated code: D:\VXL_2\Exercise\Core\Src\stm32f1xx_it.c
2024-09-21 13:58:57,642 [INFO] CodeEngine:239 - oldGeneratedFile, D:\VXL_2\Exercise\Core\Inc\stm32f1xx_it.h_save
2024-09-21 13:58:57,693 [INFO] CodeEngine:257 - Generated code: D:\VXL_2\Exercise\Core\Inc\stm32f1xx_it.h
2024-09-21 13:58:57,701 [INFO] CodeEngine:239 - oldGeneratedFile, D:\VXL_2\Exercise\Core\Src\stm32f1xx_hal_msp.c_save
2024-09-21 13:58:57,768 [INFO] CodeEngine:257 - Generated code: D:\VXL_2\Exercise\Core\Src\stm32f1xx_hal_msp.c
2024-09-21 13:58:57,774 [INFO] CodeEngine:239 - oldGeneratedFile, D:\VXL_2\Exercise\MXTmpFiles\system.tmp_save
2024-09-21 13:58:57,824 [INFO] CodeEngine:257 - Generated code: D:\VXL_2\Exercise\MXTmpFiles\system.tmp
2024-09-21 13:58:57,835 [INFO] CodeEngine:239 - oldGeneratedFile, D:\VXL_2\Exercise\Core\Inc\stm32f1xx_hal_conf.h_save
2024-09-21 13:58:57,903 [INFO] CodeEngine:257 - Generated code: D:\VXL_2\Exercise\Core\Inc\stm32f1xx_hal_conf.h
2024-09-21 13:58:57,951 [INFO] CodeEngine:239 - oldGeneratedFile, D:\VXL_2\Exercise\Core\Inc\main.h_save
2024-09-21 13:58:58,010 [INFO] CodeEngine:257 - Generated code: D:\VXL_2\Exercise\Core\Inc\main.h
2024-09-21 13:58:58,017 [INFO] CodeEngine:239 - oldGeneratedFile, D:\VXL_2\Exercise\Core\Src\main.c_save
2024-09-21 13:58:58,092 [INFO] CodeEngine:257 - Generated code: D:\VXL_2\Exercise\Core\Src\main.c
2024-09-21 13:58:58,655 [INFO] ProjectBuilder:2578 - Time for Copy HAL[1] : 67mS.
2024-09-21 13:58:58,658 [INFO] ProjectBuilder:3622 - Project Generator version: 3.14.1
2024-09-21 13:58:58,910 [INFO] ConfigFileManager:1271 - The Die is : DIE412
2024-09-21 13:58:58,924 [INFO] ApiDbMcu:468 - Load IP Config File for FATFS
2024-09-21 13:58:58,943 [INFO] ApiDbMcu:468 - Load IP Config File for FREERTOS
2024-09-21 13:58:58,960 [INFO] ApiDbMcu:468 - Load IP Config File for USB_DEVICE
2024-09-21 13:59:02,722 [INFO] ProjectBuilder:3789 - Time for Generating toolchain IDE Files: 4064mS.
2024-09-21 13:59:02,723 [INFO] ProjectBuilder:2457 - Time for Copy CMSIS : 0mS.
2024-09-21 13:59:02,724 [INFO] ProjectBuilder:2457 - Time for Copy CMSIS : 0mS.
2024-09-21 13:59:04,259 [INFO] McuFinderGlobals:52 - Set McuFinderConnectedMode to true
2024-09-21 13:59:04,260 [INFO] ApiDb:276 - Save user favorites file C:\Users\PC/.stm32cubeide/favorites.mcus.txt: 0 item(s)
2024-09-21 13:59:04,260 [INFO] ApiDb:280 - User favorites MCUs=[]
